<?xml version="1.0" encoding="UTF-8"?>
<testng-results skipped="0" failed="0" ignored="0" total="1" passed="1">
  <reporter-output>
  </reporter-output>
  <suite name="All Test Suite" duration-ms="5070" started-at="2021-11-21T21:49:27Z" finished-at="2021-11-21T21:49:32Z">
    <groups>
    </groups>
    <test name="Tests" duration-ms="5070" started-at="2021-11-21T21:49:27Z" finished-at="2021-11-21T21:49:32Z">
      <class name="ChromeDemo">
        <test-method status="PASS" signature="initDriver()[pri:0, instance:ChromeDemo@1c3a4799]" name="initDriver" is-config="true" duration-ms="2444" started-at="2021-11-21T21:49:27Z" finished-at="2021-11-21T21:49:29Z">
          <reporter-output>
          </reporter-output>
        </test-method> <!-- initDriver -->
        <test-method status="PASS" signature="searchTestNGInGoogle()[pri:0, instance:ChromeDemo@1c3a4799]" name="searchTestNGInGoogle" duration-ms="2613" started-at="2021-11-21T21:49:29Z" finished-at="2021-11-21T21:49:32Z">
          <reporter-output>
          </reporter-output>
        </test-method> <!-- searchTestNGInGoogle -->
        <test-method status="PASS" signature="quitDriver()[pri:0, instance:ChromeDemo@1c3a4799]" name="quitDriver" is-config="true" duration-ms="1" started-at="2021-11-21T21:49:32Z" finished-at="2021-11-21T21:49:32Z">
          <reporter-output>
          </reporter-output>
        </test-method> <!-- quitDriver -->
      </class> <!-- ChromeDemo -->
    </test> <!-- Tests -->
  </suite> <!-- All Test Suite -->
</testng-results>
